--------------------
 Evaluation No: 1
 Maximum of gradient:       4.42701315e-01
 Norm of gradient:       1.34699311e+00
 Lagrangian value:       9.22019455e+01
--------------------
 Evaluation No: 2
 Maximum of gradient:       1.76328366e+01
 Norm of gradient:       6.11077496e+01
 Lagrangian value:       9.41326988e+01
--------------------
 Evaluation No: 3
 Maximum of gradient:       1.30418621e+00
 Norm of gradient:       3.33038076e+00
 Lagrangian value:       9.21586712e+01
--------------------
 Evaluation No: 4
 Maximum of gradient:       3.76041771e-01
 Norm of gradient:       1.41658998e+00
 Lagrangian value:       9.20766136e+01
--------------------
 Evaluation No: 5
 Maximum of gradient:       3.46246577e-01
 Norm of gradient:       1.20055102e+00
 Lagrangian value:       9.20266248e+01
--------------------
 Evaluation No: 6
 Maximum of gradient:       2.62845380e-01
 Norm of gradient:       1.65218063e+00
 Lagrangian value:       9.18399399e+01
--------------------
 Evaluation No: 7
 Maximum of gradient:       3.85446761e-01
 Norm of gradient:       2.06129899e+00
 Lagrangian value:       9.17932728e+01
--------------------
 Evaluation No: 8
 Maximum of gradient:       1.72558745e-01
 Norm of gradient:       9.41373870e-01
 Lagrangian value:       9.16828319e+01
--------------------
 Evaluation No: 9
 Maximum of gradient:       1.19544242e-01
 Norm of gradient:       5.49590579e-01
 Lagrangian value:       9.16245355e+01
--------------------
 Evaluation No: 10
 Maximum of gradient:       9.49065910e-02
 Norm of gradient:       5.55928629e-01
 Lagrangian value:       9.15591887e+01
--------------------
 Evaluation No: 11
 Maximum of gradient:       9.11943640e-02
 Norm of gradient:       4.96428933e-01
 Lagrangian value:       9.15106129e+01
--------------------
 Evaluation No: 12
 Maximum of gradient:       7.49896300e-02
 Norm of gradient:       3.58078612e-01
 Lagrangian value:       9.14923706e+01
--------------------
 Evaluation No: 13
 Maximum of gradient:       5.86045600e-02
 Norm of gradient:       3.05467758e-01
 Lagrangian value:       9.14604636e+01
--------------------
 Evaluation No: 14
 Maximum of gradient:       7.95463644e-02
 Norm of gradient:       4.45498007e-01
 Lagrangian value:       9.14239003e+01
--------------------
 Evaluation No: 15
 Maximum of gradient:       5.65360026e-02
 Norm of gradient:       3.30274673e-01
 Lagrangian value:       9.13888768e+01
--------------------
 Evaluation No: 16
 Maximum of gradient:       4.64845478e-02
 Norm of gradient:       2.70828435e-01
 Lagrangian value:       9.13600579e+01
--------------------
 Evaluation No: 17
 Maximum of gradient:       4.94551600e-02
 Norm of gradient:       3.45376489e-01
 Lagrangian value:       9.13193061e+01
--------------------
 Evaluation No: 18
 Maximum of gradient:       2.98026008e-02
 Norm of gradient:       2.25990821e-01
 Lagrangian value:       9.13082873e+01
--------------------
 Evaluation No: 19
 Maximum of gradient:       2.50584018e-02
 Norm of gradient:       1.69701729e-01
 Lagrangian value:       9.12972008e+01
--------------------
 Evaluation No: 20
 Maximum of gradient:       3.26348588e-02
 Norm of gradient:       1.71441649e-01
 Lagrangian value:       9.12865114e+01
--------------------
 Evaluation No: 21
 Maximum of gradient:       2.48886600e-02
 Norm of gradient:       1.60453379e-01
 Lagrangian value:       9.12775932e+01
--------------------
 Evaluation No: 22
 Maximum of gradient:       1.91181240e-02
 Norm of gradient:       1.18728111e-01
 Lagrangian value:       9.12702632e+01
--------------------
 Evaluation No: 23
 Maximum of gradient:       1.62531386e-02
 Norm of gradient:       1.24472677e-01
 Lagrangian value:       9.12626854e+01
--------------------
 Evaluation No: 24
 Maximum of gradient:       1.87046264e-02
 Norm of gradient:       1.36172537e-01
 Lagrangian value:       9.12590105e+01
--------------------
 Evaluation No: 25
 Maximum of gradient:       1.44032000e-02
 Norm of gradient:       9.19632126e-02
 Lagrangian value:       9.12554233e+01
--------------------
 Evaluation No: 26
 Maximum of gradient:       1.21867700e-02
 Norm of gradient:       7.86989660e-02
 Lagrangian value:       9.12492231e+01
--------------------
 Evaluation No: 27
 Maximum of gradient:       2.30303220e-02
 Norm of gradient:       9.14974937e-02
 Lagrangian value:       9.12446909e+01
--------------------
 Evaluation No: 28
 Maximum of gradient:       1.11448109e-01
 Norm of gradient:       2.67259599e-01
 Lagrangian value:       9.12418033e+01
--------------------
 Evaluation No: 29
 Maximum of gradient:       1.21649848e-02
 Norm of gradient:       7.37576593e-02
 Lagrangian value:       9.12354333e+01
--------------------
 Evaluation No: 30
 Maximum of gradient:       1.15969079e-02
 Norm of gradient:       6.08770924e-02
 Lagrangian value:       9.12338581e+01
--------------------
 Evaluation No: 31
 Maximum of gradient:       1.06049409e-02
 Norm of gradient:       6.41347357e-02
 Lagrangian value:       9.12296647e+01
--------------------
 Evaluation No: 32
 Maximum of gradient:       1.97641045e-02
 Norm of gradient:       9.13754502e-02
 Lagrangian value:       9.12246847e+01
--------------------
 Evaluation No: 33
 Maximum of gradient:       2.48721980e-02
 Norm of gradient:       8.18046426e-02
 Lagrangian value:       9.12176414e+01
--------------------
 Evaluation No: 34
 Maximum of gradient:       1.91190639e-02
 Norm of gradient:       6.33450259e-02
 Lagrangian value:       9.12189639e+01
--------------------
 Evaluation No: 35
 Maximum of gradient:       1.68292820e-02
 Norm of gradient:       7.20506187e-02
 Lagrangian value:       9.12178352e+01
--------------------
 Evaluation No: 36
 Maximum of gradient:       2.34908130e-02
 Norm of gradient:       8.00290885e-02
 Lagrangian value:       9.12176709e+01
--------------------
 Evaluation No: 37
 Maximum of gradient:       2.46443250e-02
 Norm of gradient:       8.15097892e-02
 Lagrangian value:       9.12176462e+01
--------------------
 Evaluation No: 38
 Maximum of gradient:       2.48348810e-02
 Norm of gradient:       8.17564406e-02
 Lagrangian value:       9.12176422e+01
--------------------
 Evaluation No: 39
 Maximum of gradient:       2.48660940e-02
 Norm of gradient:       8.17968048e-02
 Lagrangian value:       9.12176415e+01
--------------------
 Evaluation No: 40
 Maximum of gradient:       2.48711370e-02
 Norm of gradient:       8.18033252e-02
 Lagrangian value:       9.12176414e+01
--------------------
 Evaluation No: 41
 Maximum of gradient:       2.48719620e-02
 Norm of gradient:       8.18043954e-02
 Lagrangian value:       9.12176414e+01
--------------------
 Evaluation No: 42
 Maximum of gradient:       2.48714280e-02
 Norm of gradient:       8.18036979e-02
 Lagrangian value:       9.12176414e+01
--------------------
 Evaluation No: 43
 Maximum of gradient:       2.48718830e-02
 Norm of gradient:       8.18042873e-02
 Lagrangian value:       9.12176414e+01
--------------------
 Evaluation No: 44
 Maximum of gradient:       2.48719510e-02
 Norm of gradient:       8.18043833e-02
 Lagrangian value:       9.12176414e+01
--------------------
 Evaluation No: 45
 Maximum of gradient:       2.48719650e-02
 Norm of gradient:       8.18043965e-02
 Lagrangian value:       9.12176414e+01
0
--------------------
 Evaluation No: 46
 Maximum of gradient:       2.48719650e-02
 Norm of gradient:       8.18043965e-02
 Lagrangian value:       9.12176414e+01
